D:\CPP.TEST\NOOD-ARMYRADARSYSTEM\DEBUG\NOOD-ARMYRADARSYSTEM.EXE
D:\CPP.TEST\NOOD-ARMYRADARSYSTEM\DEBUG\NOOD-ARMYRADARSYSTEM.ILK
D:\CPP.TEST\NOOD-ARMYRADARSYSTEM\DEBUG\NOOD-ARMYRADARSYSTEM.PDB
d:\cpp.test\Nood-armyRADARsystem\Nood-armyRADARsystem\Debug\cl.command.1.tlog
d:\cpp.test\Nood-armyRADARsystem\Nood-armyRADARsystem\Debug\CL.read.1.tlog
d:\cpp.test\Nood-armyRADARsystem\Nood-armyRADARsystem\Debug\CL.write.1.tlog
D:\CPP.TEST\NOOD-ARMYRADARSYSTEM\NOOD-ARMYRADARSYSTEM\DEBUG\HUD.OBJ
d:\cpp.test\Nood-armyRADARsystem\Nood-armyRADARsystem\Debug\link.10428.read.1.tlog
d:\cpp.test\Nood-armyRADARsystem\Nood-armyRADARsystem\Debug\link.10428.write.1.tlog
d:\cpp.test\Nood-armyRADARsystem\Nood-armyRADARsystem\Debug\link.11308.read.1.tlog
d:\cpp.test\Nood-armyRADARsystem\Nood-armyRADARsystem\Debug\link.11308.write.1.tlog
d:\cpp.test\Nood-armyRADARsystem\Nood-armyRADARsystem\Debug\link.11308-cvtres.read.1.tlog
d:\cpp.test\Nood-armyRADARsystem\Nood-armyRADARsystem\Debug\link.11308-cvtres.write.1.tlog
d:\cpp.test\Nood-armyRADARsystem\Nood-armyRADARsystem\Debug\link.11404.read.1.tlog
d:\cpp.test\Nood-armyRADARsystem\Nood-armyRADARsystem\Debug\link.11404.write.1.tlog
d:\cpp.test\Nood-armyRADARsystem\Nood-armyRADARsystem\Debug\link.11404-cvtres.read.1.tlog
d:\cpp.test\Nood-armyRADARsystem\Nood-armyRADARsystem\Debug\link.11404-cvtres.write.1.tlog
d:\cpp.test\Nood-armyRADARsystem\Nood-armyRADARsystem\Debug\link.11560.read.1.tlog
d:\cpp.test\Nood-armyRADARsystem\Nood-armyRADARsystem\Debug\link.11560.write.1.tlog
d:\cpp.test\Nood-armyRADARsystem\Nood-armyRADARsystem\Debug\link.12076.read.1.tlog
d:\cpp.test\Nood-armyRADARsystem\Nood-armyRADARsystem\Debug\link.12076.write.1.tlog
d:\cpp.test\Nood-armyRADARsystem\Nood-armyRADARsystem\Debug\link.12076-cvtres.read.1.tlog
d:\cpp.test\Nood-armyRADARsystem\Nood-armyRADARsystem\Debug\link.12076-cvtres.write.1.tlog
d:\cpp.test\Nood-armyRADARsystem\Nood-armyRADARsystem\Debug\link.12104.read.1.tlog
d:\cpp.test\Nood-armyRADARsystem\Nood-armyRADARsystem\Debug\link.12104.write.1.tlog
d:\cpp.test\Nood-armyRADARsystem\Nood-armyRADARsystem\Debug\link.12104-cvtres.read.1.tlog
d:\cpp.test\Nood-armyRADARsystem\Nood-armyRADARsystem\Debug\link.12104-cvtres.write.1.tlog
d:\cpp.test\Nood-armyRADARsystem\Nood-armyRADARsystem\Debug\link.12912.read.1.tlog
d:\cpp.test\Nood-armyRADARsystem\Nood-armyRADARsystem\Debug\link.12912.write.1.tlog
d:\cpp.test\Nood-armyRADARsystem\Nood-armyRADARsystem\Debug\link.12912-cvtres.read.1.tlog
d:\cpp.test\Nood-armyRADARsystem\Nood-armyRADARsystem\Debug\link.12912-cvtres.write.1.tlog
d:\cpp.test\Nood-armyRADARsystem\Nood-armyRADARsystem\Debug\link.12924.read.1.tlog
d:\cpp.test\Nood-armyRADARsystem\Nood-armyRADARsystem\Debug\link.12924.write.1.tlog
d:\cpp.test\Nood-armyRADARsystem\Nood-armyRADARsystem\Debug\link.12924-cvtres.read.1.tlog
d:\cpp.test\Nood-armyRADARsystem\Nood-armyRADARsystem\Debug\link.12924-cvtres.write.1.tlog
d:\cpp.test\Nood-armyRADARsystem\Nood-armyRADARsystem\Debug\link.13100.read.1.tlog
d:\cpp.test\Nood-armyRADARsystem\Nood-armyRADARsystem\Debug\link.13100.write.1.tlog
d:\cpp.test\Nood-armyRADARsystem\Nood-armyRADARsystem\Debug\link.13100-cvtres.read.1.tlog
d:\cpp.test\Nood-armyRADARsystem\Nood-armyRADARsystem\Debug\link.13100-cvtres.write.1.tlog
d:\cpp.test\Nood-armyRADARsystem\Nood-armyRADARsystem\Debug\link.13316.read.1.tlog
d:\cpp.test\Nood-armyRADARsystem\Nood-armyRADARsystem\Debug\link.13316.write.1.tlog
d:\cpp.test\Nood-armyRADARsystem\Nood-armyRADARsystem\Debug\link.13316-cvtres.read.1.tlog
d:\cpp.test\Nood-armyRADARsystem\Nood-armyRADARsystem\Debug\link.13316-cvtres.write.1.tlog
d:\cpp.test\Nood-armyRADARsystem\Nood-armyRADARsystem\Debug\link.1912.read.1.tlog
d:\cpp.test\Nood-armyRADARsystem\Nood-armyRADARsystem\Debug\link.1912.write.1.tlog
d:\cpp.test\Nood-armyRADARsystem\Nood-armyRADARsystem\Debug\link.1912-cvtres.read.1.tlog
d:\cpp.test\Nood-armyRADARsystem\Nood-armyRADARsystem\Debug\link.1912-cvtres.write.1.tlog
d:\cpp.test\Nood-armyRADARsystem\Nood-armyRADARsystem\Debug\link.2928.read.1.tlog
d:\cpp.test\Nood-armyRADARsystem\Nood-armyRADARsystem\Debug\link.2928.write.1.tlog
d:\cpp.test\Nood-armyRADARsystem\Nood-armyRADARsystem\Debug\link.2928-cvtres.read.1.tlog
d:\cpp.test\Nood-armyRADARsystem\Nood-armyRADARsystem\Debug\link.2928-cvtres.write.1.tlog
d:\cpp.test\Nood-armyRADARsystem\Nood-armyRADARsystem\Debug\link.3780.read.1.tlog
d:\cpp.test\Nood-armyRADARsystem\Nood-armyRADARsystem\Debug\link.3780.write.1.tlog
d:\cpp.test\Nood-armyRADARsystem\Nood-armyRADARsystem\Debug\link.3780-cvtres.read.1.tlog
d:\cpp.test\Nood-armyRADARsystem\Nood-armyRADARsystem\Debug\link.3780-cvtres.write.1.tlog
d:\cpp.test\Nood-armyRADARsystem\Nood-armyRADARsystem\Debug\link.4084.read.1.tlog
d:\cpp.test\Nood-armyRADARsystem\Nood-armyRADARsystem\Debug\link.4084.write.1.tlog
d:\cpp.test\Nood-armyRADARsystem\Nood-armyRADARsystem\Debug\link.4084-cvtres.read.1.tlog
d:\cpp.test\Nood-armyRADARsystem\Nood-armyRADARsystem\Debug\link.4084-cvtres.write.1.tlog
d:\cpp.test\Nood-armyRADARsystem\Nood-armyRADARsystem\Debug\link.4924.read.1.tlog
d:\cpp.test\Nood-armyRADARsystem\Nood-armyRADARsystem\Debug\link.4924.write.1.tlog
d:\cpp.test\Nood-armyRADARsystem\Nood-armyRADARsystem\Debug\link.4924-cvtres.read.1.tlog
d:\cpp.test\Nood-armyRADARsystem\Nood-armyRADARsystem\Debug\link.4924-cvtres.write.1.tlog
d:\cpp.test\Nood-armyRADARsystem\Nood-armyRADARsystem\Debug\link.5272.read.1.tlog
d:\cpp.test\Nood-armyRADARsystem\Nood-armyRADARsystem\Debug\link.5272.write.1.tlog
d:\cpp.test\Nood-armyRADARsystem\Nood-armyRADARsystem\Debug\link.5272-cvtres.read.1.tlog
d:\cpp.test\Nood-armyRADARsystem\Nood-armyRADARsystem\Debug\link.5272-cvtres.write.1.tlog
d:\cpp.test\Nood-armyRADARsystem\Nood-armyRADARsystem\Debug\link.5920.read.1.tlog
d:\cpp.test\Nood-armyRADARsystem\Nood-armyRADARsystem\Debug\link.5920.write.1.tlog
d:\cpp.test\Nood-armyRADARsystem\Nood-armyRADARsystem\Debug\link.5920-cvtres.read.1.tlog
d:\cpp.test\Nood-armyRADARsystem\Nood-armyRADARsystem\Debug\link.5920-cvtres.write.1.tlog
d:\cpp.test\Nood-armyRADARsystem\Nood-armyRADARsystem\Debug\link.6088.read.1.tlog
d:\cpp.test\Nood-armyRADARsystem\Nood-armyRADARsystem\Debug\link.6088.write.1.tlog
d:\cpp.test\Nood-armyRADARsystem\Nood-armyRADARsystem\Debug\link.6088-cvtres.read.1.tlog
d:\cpp.test\Nood-armyRADARsystem\Nood-armyRADARsystem\Debug\link.6088-cvtres.write.1.tlog
d:\cpp.test\Nood-armyRADARsystem\Nood-armyRADARsystem\Debug\link.7160.read.1.tlog
d:\cpp.test\Nood-armyRADARsystem\Nood-armyRADARsystem\Debug\link.7160.write.1.tlog
d:\cpp.test\Nood-armyRADARsystem\Nood-armyRADARsystem\Debug\link.7160-cvtres.read.1.tlog
d:\cpp.test\Nood-armyRADARsystem\Nood-armyRADARsystem\Debug\link.7160-cvtres.write.1.tlog
d:\cpp.test\Nood-armyRADARsystem\Nood-armyRADARsystem\Debug\link.8144.read.1.tlog
d:\cpp.test\Nood-armyRADARsystem\Nood-armyRADARsystem\Debug\link.8144.write.1.tlog
d:\cpp.test\Nood-armyRADARsystem\Nood-armyRADARsystem\Debug\link.8144-cvtres.read.1.tlog
d:\cpp.test\Nood-armyRADARsystem\Nood-armyRADARsystem\Debug\link.8144-cvtres.write.1.tlog
d:\cpp.test\Nood-armyRADARsystem\Nood-armyRADARsystem\Debug\link.8648.read.1.tlog
d:\cpp.test\Nood-armyRADARsystem\Nood-armyRADARsystem\Debug\link.8648.write.1.tlog
d:\cpp.test\Nood-armyRADARsystem\Nood-armyRADARsystem\Debug\link.8648-cvtres.read.1.tlog
d:\cpp.test\Nood-armyRADARsystem\Nood-armyRADARsystem\Debug\link.8648-cvtres.write.1.tlog
d:\cpp.test\Nood-armyRADARsystem\Nood-armyRADARsystem\Debug\link.8712.read.1.tlog
d:\cpp.test\Nood-armyRADARsystem\Nood-armyRADARsystem\Debug\link.8712.write.1.tlog
d:\cpp.test\Nood-armyRADARsystem\Nood-armyRADARsystem\Debug\link.9148.read.1.tlog
d:\cpp.test\Nood-armyRADARsystem\Nood-armyRADARsystem\Debug\link.9148.write.1.tlog
d:\cpp.test\Nood-armyRADARsystem\Nood-armyRADARsystem\Debug\link.command.1.tlog
d:\cpp.test\Nood-armyRADARsystem\Nood-armyRADARsystem\Debug\link.read.1.tlog
d:\cpp.test\Nood-armyRADARsystem\Nood-armyRADARsystem\Debug\link.write.1.tlog
d:\cpp.test\Nood-armyRADARsystem\Nood-armyRADARsystem\Debug\link-cvtres.read.1.tlog
d:\cpp.test\Nood-armyRADARsystem\Nood-armyRADARsystem\Debug\link-cvtres.write.1.tlog
d:\cpp.test\Nood-armyRADARsystem\Nood-armyRADARsystem\Debug\mt.command.1.tlog
d:\cpp.test\Nood-armyRADARsystem\Nood-armyRADARsystem\Debug\mt.read.1.tlog
d:\cpp.test\Nood-armyRADARsystem\Nood-armyRADARsystem\Debug\mt.write.1.tlog
D:\CPP.TEST\NOOD-ARMYRADARSYSTEM\NOOD-ARMYRADARSYSTEM\DEBUG\NOOD-ARMYRADARSYSTEM.EXE.EMBED.MANIFEST
D:\CPP.TEST\NOOD-ARMYRADARSYSTEM\NOOD-ARMYRADARSYSTEM\DEBUG\NOOD-ARMYRADARSYSTEM.EXE.EMBED.MANIFEST.RES
D:\CPP.TEST\NOOD-ARMYRADARSYSTEM\NOOD-ARMYRADARSYSTEM\DEBUG\NOOD-ARMYRADARSYSTEM.EXE.INTERMEDIATE.MANIFEST
D:\CPP.TEST\NOOD-ARMYRADARSYSTEM\NOOD-ARMYRADARSYSTEM\DEBUG\NOOD-ARMYRADARSYSTEM.OBJ
D:\CPP.TEST\NOOD-ARMYRADARSYSTEM\NOOD-ARMYRADARSYSTEM\DEBUG\NOOD-ARMYRADARSYSTEM.PCH
d:\cpp.test\Nood-armyRADARsystem\Nood-armyRADARsystem\Debug\Nood-armyRADARsystem.vcxprojResolveAssemblyReference.cache
d:\cpp.test\Nood-armyRADARsystem\Nood-armyRADARsystem\Debug\Nood-armyRADARsystem.write.1.tlog
d:\cpp.test\Nood-armyRADARsystem\Nood-armyRADARsystem\Debug\Nood-armyRADARsystem_manifest.rc
d:\cpp.test\Nood-armyRADARsystem\Nood-armyRADARsystem\Debug\rc.command.1.tlog
d:\cpp.test\Nood-armyRADARsystem\Nood-armyRADARsystem\Debug\rc.read.1.tlog
d:\cpp.test\Nood-armyRADARsystem\Nood-armyRADARsystem\Debug\rc.write.1.tlog
D:\CPP.TEST\NOOD-ARMYRADARSYSTEM\NOOD-ARMYRADARSYSTEM\DEBUG\SET_PLEASE.OBJ
D:\CPP.TEST\NOOD-ARMYRADARSYSTEM\NOOD-ARMYRADARSYSTEM\DEBUG\STDAFX.OBJ
d:\cpp.test\Nood-armyRADARsystem\Nood-armyRADARsystem\Debug\vc100.idb
D:\CPP.TEST\NOOD-ARMYRADARSYSTEM\NOOD-ARMYRADARSYSTEM\DEBUG\VC100.PDB
D:\CPP.TEST\NOOD-ARMYRADARSYSTEM\NOOD-ARMYRADARSYSTEM\DEBUG\WHATFUCK！.OBJ
