生成启动时间为 2022/1/9 21:03:23。
     1>项目“d:\cpp.test\Nood-armyRADARsystem\Nood-armyRADARsystem\Nood-armyRADARsystem.vcxproj”在节点 2 上(build 个目标)。
     1>InitializeBuildStatus:
         正在创建“Debug\Nood-armyRADARsystem.unsuccessfulbuild”，因为已指定“AlwaysCreate”。
       ClCompile:
         所有输出均为最新。
         c:\Program Files (x86)\Microsoft Visual Studio 10.0\VC\bin\CL.exe /c /ZI /nologo /W3 /WX- /Od /Oy- /D WIN32 /D _DEBUG /D _CONSOLE /D _UNICODE /D UNICODE /Gm /EHsc /RTC1 /MDd /GS /fp:precise /Zc:wchar_t /Zc:forScope /Yu"StdAfx.h" /Fp"Debug\Nood-armyRADARsystem.pch" /Fo"Debug\\" /Fd"Debug\vc100.pdb" /Gd /TP /analyze- /errorReport:prompt "Nood-armyRADARsystem.cpp"
         Nood-armyRADARsystem.cpp
     1>d:\cpp.test\nood-armyradarsystem\nood-armyradarsystem\nood-armyradarsystem.cpp(140): warning C4996: 'fopen': This function or variable may be unsafe. Consider using fopen_s instead. To disable deprecation, use _CRT_SECURE_NO_WARNINGS. See online help for details.
                 c:\program files (x86)\microsoft visual studio 10.0\vc\include\stdio.h(234) : 参见“fopen”的声明
     1>d:\cpp.test\nood-armyradarsystem\nood-armyradarsystem\nood-armyradarsystem.cpp(149): warning C4996: 'gets': This function or variable may be unsafe. Consider using gets_s instead. To disable deprecation, use _CRT_SECURE_NO_WARNINGS. See online help for details.
                 c:\program files (x86)\microsoft visual studio 10.0\vc\include\stdio.h(277) : 参见“gets”的声明
     1>d:\cpp.test\nood-armyradarsystem\nood-armyradarsystem\nood-armyradarsystem.cpp(165): warning C4390: “;”: 找到空的受控语句；这是否是有意的?
     1>d:\cpp.test\nood-armyradarsystem\nood-armyradarsystem\nood-armyradarsystem.cpp(166): warning C4390: “;”: 找到空的受控语句；这是否是有意的?
     1>d:\cpp.test\nood-armyradarsystem\nood-armyradarsystem\nood-armyradarsystem.cpp(197): warning C4101: “thrdID1”: 未引用的局部变量
       ManifestResourceCompile:
         所有输出均为最新。
       Link:
         c:\Program Files (x86)\Microsoft Visual Studio 10.0\VC\bin\link.exe /ERRORREPORT:PROMPT /OUT:"d:\cpp.test\Nood-armyRADARsystem\Debug\Nood-armyRADARsystem.exe" /INCREMENTAL /NOLOGO kernel32.lib user32.lib gdi32.lib winspool.lib comdlg32.lib advapi32.lib shell32.lib ole32.lib oleaut32.lib uuid.lib odbc32.lib odbccp32.lib /MANIFEST /ManifestFile:"Debug\Nood-armyRADARsystem.exe.intermediate.manifest" /MANIFESTUAC:"level='asInvoker' uiAccess='false'" /DEBUG /PDB:"d:\cpp.test\Nood-armyRADARsystem\Debug\Nood-armyRADARsystem.pdb" /SUBSYSTEM:CONSOLE /TLBID:1 /DYNAMICBASE /NXCOMPAT /IMPLIB:"d:\cpp.test\Nood-armyRADARsystem\Debug\Nood-armyRADARsystem.lib" /MACHINE:X86 "Debug\Nood-armyRADARsystem.exe.embed.manifest.res"
         Debug\HUD.obj
         "Debug\Nood-armyRADARsystem.obj"
         Debug\stdafx.obj
         "Debug\whatfuck！.obj"
       Manifest:
         c:\Program Files (x86)\Microsoft SDKs\Windows\v7.0A\bin\mt.exe /nologo /verbose /out:"Debug\Nood-armyRADARsystem.exe.embed.manifest" /manifest "Debug\Nood-armyRADARsystem.exe.intermediate.manifest"
         所有输出均为最新。
       LinkEmbedManifest:
         所有输出均为最新。
         Nood-armyRADARsystem.vcxproj -> d:\cpp.test\Nood-armyRADARsystem\Debug\Nood-armyRADARsystem.exe
       FinalizeBuildStatus:
         正在删除文件“Debug\Nood-armyRADARsystem.unsuccessfulbuild”。
         正在对“Debug\Nood-armyRADARsystem.lastbuildstate”执行 Touch 任务。
     1>已完成生成项目“d:\cpp.test\Nood-armyRADARsystem\Nood-armyRADARsystem\Nood-armyRADARsystem.vcxproj”(build 个目标)的操作。

生成成功。

已用时间 00:00:01.31
